<?xml version="1.0" encoding="UTF-8"?>
<!-- Generated by org.testng.reporters.JUnitReportReporter -->
<testsuite hostname="DESKTOP-S2085P6" failures="0" tests="7" name="org.loginModule.CheckOutPageTestClass" time="97.575" errors="0" timestamp="2024-11-27T11:19:01 IST" skipped="0">
  <testcase classname="org.loginModule.CheckOutPageTestClass" name="verifyUserAbleToContinueWithValidCredentialsCheckOutPage" time="13.584">
    <system-out>
      <![CDATA[User is redirected to the CheckOutOverViewPage]]>
    </system-out>
  </testcase> <!-- verifyUserAbleToContinueWithValidCredentialsCheckOutPage -->
  <testcase classname="org.loginModule.CheckOutPageTestClass" name="verifyCheckOutFunctionalityWithBlankLname" time="19.462">
    <system-out>
      <![CDATA[Error msg is display
Both actualErrorMsg and expectedErrorMsg  is match]]>
    </system-out>
  </testcase> <!-- verifyCheckOutFunctionalityWithBlankLname -->
  <testcase classname="org.loginModule.CheckOutPageTestClass" name="verifyCheckOutFunctionalityWithoutEnteringFnameLnameAndZCode" time="20.257">
    <system-out>
      <![CDATA[Error mesg is display
Both actualErrorMsg and expectedErrorMsg  is match]]>
    </system-out>
  </testcase> <!-- verifyCheckOutFunctionalityWithoutEnteringFnameLnameAndZCode -->
  <testcase classname="org.loginModule.CheckOutPageTestClass" name="VerifyAfterClikingCancelBtnUserMoveToShoppingCartPage" time="12.680">
    <system-out>
      <![CDATA[User is redirected checkOutPage to ShoppingCardPage]]>
    </system-out>
  </testcase> <!-- VerifyAfterClikingCancelBtnUserMoveToShoppingCartPage -->
  <testcase classname="org.loginModule.CheckOutPageTestClass" name="verifyAfterClickingShopingCardIconUserRedirectToshpingCartPage" time="12.024">
    <system-out>
      <![CDATA[User is redirected to checkOutPage to shopping cart page ]]>
    </system-out>
  </testcase> <!-- verifyAfterClickingShopingCardIconUserRedirectToshpingCartPage -->
  <testcase classname="org.loginModule.CheckOutPageTestClass" name="verifyLogoCheckOutPage" time="9.363">
    <system-out>
      <![CDATA[Logo is  displayed on the checkout page!]]>
    </system-out>
  </testcase> <!-- verifyLogoCheckOutPage -->
  <testcase classname="org.loginModule.CheckOutPageTestClass" name="verifyPageTitleCheckOutPage" time="10.205">
    <system-out>
      <![CDATA[page title is display
Both actual and expected title is not match]]>
    </system-out>
  </testcase> <!-- verifyPageTitleCheckOutPage -->
  <system-out>
    <![CDATA[User is redirected to the CheckOutOverViewPage
Error msg is display
Both actualErrorMsg and expectedErrorMsg  is match
Error mesg is display
Both actualErrorMsg and expectedErrorMsg  is match
User is redirected checkOutPage to ShoppingCardPage
User is redirected to checkOutPage to shopping cart page 
Logo is  displayed on the checkout page!
page title is display
Both actual and expected title is not match]]>
  </system-out>
</testsuite> <!-- org.loginModule.CheckOutPageTestClass -->
